<joblist>
   <job>
      <name>cli job</name>
      <group>api-test/job-run</group>
      <description></description>
      <loglevel>INFO</loglevel>
      <context>
          <project>test</project>
          <options>
              <option name="opt1" value="testvalue" required="true"/>
              <option name="opt2" values="a,b,c" required="true"/>
          </options>
      </context>
      <dispatch>
        <threadcount>1</threadcount>
        <keepgoing>true</keepgoing>
      </dispatch>
      <sequence>
        <command>
        <exec>echo hello there</exec>
        </command>
      </sequence>
   </job>
</joblist>

